[07/15/2022 23:47:08] Debug: Session id: 730ffba8-60a4-4eae-9de4-1858447449fe
[07/15/2022 23:47:08] Debug: Code Processor information: Name :SnowConvert, Version: 7.9.130.0
[07/15/2022 23:47:09] Debug: Getting license
[07/15/2022 23:47:09] Debug: License information
	Status: Failed
	Message: No active license available.
[07/15/2022 23:47:09] Info: Starting to validate parameters
[07/15/2022 23:47:09] Info: Parameters to validate: 
	Execution mode: Conversion
[07/15/2022 23:47:09] Info: Validation of parameters: Success
[07/15/2022 23:47:09] Debug: Getting code descriptor
[07/15/2022 23:47:09] Debug: Code descriptor information
	Units: 51
	Units type: LOC
	All file bytes: 2141
	All found extensions: .sql,.dml,.ddl,.bteq,.btq,.fl,.fload,.ml,.mload,.mld,.tp,.tpump,.tpt
[07/15/2022 23:47:09] Debug: Calculating fingerprint
[07/15/2022 23:47:09] Debug: Fingerprint information Fingerprint(size=2141,projects=1)
[07/15/2022 23:47:09] Info: Starting to try to validate online license for execution
[07/15/2022 23:47:11] Debug: Getting license
[07/15/2022 23:47:11] Debug: License information
	Status: Failed
	Message: No active license available.
[07/15/2022 23:47:11] Debug: Starting the execution of the controller
[07/15/2022 23:47:11] Debug: Executing the worker: SnowConvert
[07/15/2022 23:47:26] Debug: Finished executing the worker: SnowConvert
[07/15/2022 23:47:28] Info: Controller execution ended
